[28 Mar 2019 11:59:43] Building database metadata model
[28 Mar 2019 11:59:43] Properties: {partialRefresh=false, processColumnsUsingSelect=, includePrimaryKeys=true, eventSocketClient=com.webratio.commons.net.EventSocketClient@4089314f, includeTables=true, username=manage, outputLogPath=C:\WebRatio\WebRatio Community Platform 7.2.18.x64bit\workspace\Expo\.Temp~\DB.xml.log, readIndexes=null, driverClass=org.apache.derby.jdbc.ClientDriver, includeSynonyms=true, metaDataProviderClass=com.webratio.commons.db.metadata.DerbyMetaDataProvider, outputPath=C:\WebRatio\WebRatio Community Platform 7.2.18.x64bit\workspace\Expo\.Temp~\DB.xml, schemaRegex=null, readProcedures=null, includeViews=true, derby.system.home=C:\WebRatio\WebRatio Community Platform 7.2.18.x64bit\workspace\.metadata\.plugins\com.webratio.commons.db\derby, url=jdbc:derby://localhost:50124/ExpoDB;create=true, tableRegex=null, readSQLDefinitions=true, includeForeignKeys=true, retrieveAllNames=false, tablesToRefresh=, eventSocketPort=61652}
[28 Mar 2019 11:59:43] URL: jdbc:derby://localhost:50124/ExpoDB;create=true
[28 Mar 2019 11:59:43] Product name: Apache Derby
[28 Mar 2019 11:59:43] Product version: 10.5.3.0 - (802917)
[28 Mar 2019 11:59:43] Driver name: Apache Derby Network Client JDBC Driver
[28 Mar 2019 11:59:43] Driver version: 10.5.3.0 - (802917)
[28 Mar 2019 11:59:43] Driver major version: 10
[28 Mar 2019 11:59:43] Driver minor version: 5
[28 Mar 2019 11:59:43] Identifier quote string: 5
[28 Mar 2019 11:59:43] Retrieving schemas
[28 Mar 2019 11:59:43]   Found schema: APP
[28 Mar 2019 11:59:43]   Found schema: NULLID
[28 Mar 2019 11:59:43]   Found schema: SQLJ
[28 Mar 2019 11:59:43]   Found schema: SYS
[28 Mar 2019 11:59:43]   Found schema: SYSCAT
[28 Mar 2019 11:59:43]   Found schema: SYSCS_DIAG
[28 Mar 2019 11:59:43]   Found schema: SYSCS_UTIL
[28 Mar 2019 11:59:43]   Found schema: SYSFUN
[28 Mar 2019 11:59:43]   Found schema: SYSIBM
[28 Mar 2019 11:59:43]   Found schema: SYSPROC
[28 Mar 2019 11:59:43]   Found schema: SYSSTAT
[28 Mar 2019 11:59:43] Retrieving [TABLE, VIEW, SYNONYM] for schema 'APP'
[28 Mar 2019 11:59:43]   Found 'APP.EXHIBIT' [type = TABLE]
[28 Mar 2019 11:59:43]   Found 'APP.EXHIBIT_GROUP' [type = TABLE]
[28 Mar 2019 11:59:43]   Found 'APP.GROUP' [type = TABLE]
[28 Mar 2019 11:59:43]   Found 'APP.GROUP_MODULE' [type = TABLE]
[28 Mar 2019 11:59:43]   Found 'APP.MODULE' [type = TABLE]
[28 Mar 2019 11:59:43]   Found 'APP.USER' [type = TABLE]
[28 Mar 2019 11:59:43]   Found 'APP.USER_GROUP' [type = TABLE]
[28 Mar 2019 11:59:43]   Found 'APP.VOTE' [type = TABLE]
[28 Mar 2019 11:59:43]   Found 'APP.VOTE_EXHIBIT' [type = TABLE]
[28 Mar 2019 11:59:43] Retrieving [TABLE, VIEW, SYNONYM] for schema 'NULLID'
[28 Mar 2019 11:59:43] Retrieving [TABLE, VIEW, SYNONYM] for schema 'SQLJ'
[28 Mar 2019 11:59:43] Retrieving [TABLE, VIEW, SYNONYM] for schema 'SYSCAT'
[28 Mar 2019 11:59:43] Retrieving [TABLE, VIEW, SYNONYM] for schema 'SYSCS_DIAG'
[28 Mar 2019 11:59:43] Retrieving [TABLE, VIEW, SYNONYM] for schema 'SYSCS_UTIL'
[28 Mar 2019 11:59:43] Retrieving [TABLE, VIEW, SYNONYM] for schema 'SYSFUN'
[28 Mar 2019 11:59:43] Retrieving [TABLE, VIEW, SYNONYM] for schema 'SYSPROC'
[28 Mar 2019 11:59:43] Retrieving [TABLE, VIEW, SYNONYM] for schema 'SYSSTAT'
[28 Mar 2019 11:59:43] Retrieving columns for 'APP.EXHIBIT' [type = TABLE]
[28 Mar 2019 11:59:43]   Found column: OID [type = INTEGER][SQL/XOPEN type = 4][size = 10][dec. digits = 0]
[28 Mar 2019 11:59:43]   Found column: NAME [type = VARCHAR][SQL/XOPEN type = 12][size = 255][dec. digits = 0]
[28 Mar 2019 11:59:43] Retrieving primary keys for 'APP.EXHIBIT' [type = TABLE]
[28 Mar 2019 11:59:43]   Found primary key column: OID
[28 Mar 2019 11:59:43] Retrieving columns for 'APP.EXHIBIT_GROUP' [type = TABLE]
[28 Mar 2019 11:59:43]   Found column: EXHIBIT_OID [type = INTEGER][SQL/XOPEN type = 4][size = 10][dec. digits = 0]
[28 Mar 2019 11:59:43]   Found column: GROUP_OID [type = INTEGER][SQL/XOPEN type = 4][size = 10][dec. digits = 0]
[28 Mar 2019 11:59:43] Retrieving primary keys for 'APP.EXHIBIT_GROUP' [type = TABLE]
[28 Mar 2019 11:59:43]   Found primary key column: EXHIBIT_OID
[28 Mar 2019 11:59:43]   Found primary key column: GROUP_OID
[28 Mar 2019 11:59:43] Retrieving columns for 'APP.GROUP' [type = TABLE]
[28 Mar 2019 11:59:43]   Found column: OID [type = INTEGER][SQL/XOPEN type = 4][size = 10][dec. digits = 0]
[28 Mar 2019 11:59:43]   Found column: GROUPNAME [type = VARCHAR][SQL/XOPEN type = 12][size = 255][dec. digits = 0]
[28 Mar 2019 11:59:43]   Found column: MODULE_OID [type = INTEGER][SQL/XOPEN type = 4][size = 10][dec. digits = 0]
[28 Mar 2019 11:59:43] Retrieving primary keys for 'APP.GROUP' [type = TABLE]
[28 Mar 2019 11:59:43]   Found primary key column: OID
[28 Mar 2019 11:59:43] Retrieving columns for 'APP.GROUP_MODULE' [type = TABLE]
[28 Mar 2019 11:59:43]   Found column: GROUP_OID [type = INTEGER][SQL/XOPEN type = 4][size = 10][dec. digits = 0]
[28 Mar 2019 11:59:43]   Found column: MODULE_OID [type = INTEGER][SQL/XOPEN type = 4][size = 10][dec. digits = 0]
[28 Mar 2019 11:59:43] Retrieving primary keys for 'APP.GROUP_MODULE' [type = TABLE]
[28 Mar 2019 11:59:43]   Found primary key column: GROUP_OID
[28 Mar 2019 11:59:43]   Found primary key column: MODULE_OID
[28 Mar 2019 11:59:43] Retrieving columns for 'APP.MODULE' [type = TABLE]
[28 Mar 2019 11:59:43]   Found column: OID [type = INTEGER][SQL/XOPEN type = 4][size = 10][dec. digits = 0]
[28 Mar 2019 11:59:43]   Found column: MODULEID [type = VARCHAR][SQL/XOPEN type = 12][size = 255][dec. digits = 0]
[28 Mar 2019 11:59:43]   Found column: MODULENAME [type = VARCHAR][SQL/XOPEN type = 12][size = 255][dec. digits = 0]
[28 Mar 2019 11:59:43] Retrieving primary keys for 'APP.MODULE' [type = TABLE]
[28 Mar 2019 11:59:43]   Found primary key column: OID
[28 Mar 2019 11:59:43] Retrieving columns for 'APP.USER' [type = TABLE]
[28 Mar 2019 11:59:43]   Found column: OID [type = INTEGER][SQL/XOPEN type = 4][size = 10][dec. digits = 0]
[28 Mar 2019 11:59:43]   Found column: USERNAME [type = VARCHAR][SQL/XOPEN type = 12][size = 255][dec. digits = 0]
[28 Mar 2019 11:59:43]   Found column: PASSWORD [type = VARCHAR][SQL/XOPEN type = 12][size = 255][dec. digits = 0]
[28 Mar 2019 11:59:43]   Found column: EMAIL [type = VARCHAR][SQL/XOPEN type = 12][size = 255][dec. digits = 0]
[28 Mar 2019 11:59:43]   Found column: GROUP_OID [type = INTEGER][SQL/XOPEN type = 4][size = 10][dec. digits = 0]
[28 Mar 2019 11:59:43] Retrieving primary keys for 'APP.USER' [type = TABLE]
[28 Mar 2019 11:59:43]   Found primary key column: OID
[28 Mar 2019 11:59:43] Retrieving columns for 'APP.USER_GROUP' [type = TABLE]
[28 Mar 2019 11:59:43]   Found column: USER_OID [type = INTEGER][SQL/XOPEN type = 4][size = 10][dec. digits = 0]
[28 Mar 2019 11:59:43]   Found column: GROUP_OID [type = INTEGER][SQL/XOPEN type = 4][size = 10][dec. digits = 0]
[28 Mar 2019 11:59:43] Retrieving primary keys for 'APP.USER_GROUP' [type = TABLE]
[28 Mar 2019 11:59:43]   Found primary key column: USER_OID
[28 Mar 2019 11:59:43]   Found primary key column: GROUP_OID
[28 Mar 2019 11:59:43] Retrieving columns for 'APP.VOTE' [type = TABLE]
[28 Mar 2019 11:59:43]   Found column: OID [type = INTEGER][SQL/XOPEN type = 4][size = 10][dec. digits = 0]
[28 Mar 2019 11:59:43]   Found column: SCORE [type = DOUBLE][SQL/XOPEN type = 8][size = 52][dec. digits = 0]
[28 Mar 2019 11:59:43] Retrieving primary keys for 'APP.VOTE' [type = TABLE]
[28 Mar 2019 11:59:43]   Found primary key column: OID
[28 Mar 2019 11:59:43] Retrieving columns for 'APP.VOTE_EXHIBIT' [type = TABLE]
[28 Mar 2019 11:59:43]   Found column: VOTE_OID [type = INTEGER][SQL/XOPEN type = 4][size = 10][dec. digits = 0]
[28 Mar 2019 11:59:43]   Found column: EXHIBIT_OID [type = INTEGER][SQL/XOPEN type = 4][size = 10][dec. digits = 0]
[28 Mar 2019 11:59:43] Retrieving primary keys for 'APP.VOTE_EXHIBIT' [type = TABLE]
[28 Mar 2019 11:59:43]   Found primary key column: VOTE_OID
[28 Mar 2019 11:59:43]   Found primary key column: EXHIBIT_OID
[28 Mar 2019 11:59:43] Retrieving foreign keys for 'APP.EXHIBIT' [type = TABLE]
[28 Mar 2019 11:59:43] Retrieving foreign keys for 'APP.EXHIBIT_GROUP' [type = TABLE]
[28 Mar 2019 11:59:43]   Found foreign key: column EXHIBIT_OID references EXHIBIT(OID)
[28 Mar 2019 11:59:43]   Found foreign key: column GROUP_OID references GROUP(OID)
[28 Mar 2019 11:59:43] Retrieving foreign keys for 'APP.GROUP' [type = TABLE]
[28 Mar 2019 11:59:43]   Found foreign key: column MODULE_OID references MODULE(OID)
[28 Mar 2019 11:59:43] Retrieving foreign keys for 'APP.GROUP_MODULE' [type = TABLE]
[28 Mar 2019 11:59:43]   Found foreign key: column GROUP_OID references GROUP(OID)
[28 Mar 2019 11:59:43]   Found foreign key: column MODULE_OID references MODULE(OID)
[28 Mar 2019 11:59:43] Retrieving foreign keys for 'APP.MODULE' [type = TABLE]
[28 Mar 2019 11:59:43] Retrieving foreign keys for 'APP.USER' [type = TABLE]
[28 Mar 2019 11:59:43]   Found foreign key: column GROUP_OID references GROUP(OID)
[28 Mar 2019 11:59:43] Retrieving foreign keys for 'APP.USER_GROUP' [type = TABLE]
[28 Mar 2019 11:59:43]   Found foreign key: column GROUP_OID references GROUP(OID)
[28 Mar 2019 11:59:43]   Found foreign key: column USER_OID references USER(OID)
[28 Mar 2019 11:59:43] Retrieving foreign keys for 'APP.VOTE' [type = TABLE]
[28 Mar 2019 11:59:43] Retrieving foreign keys for 'APP.VOTE_EXHIBIT' [type = TABLE]
[28 Mar 2019 11:59:43]   Found foreign key: column EXHIBIT_OID references EXHIBIT(OID)
[28 Mar 2019 11:59:43]   Found foreign key: column VOTE_OID references VOTE(OID)
[28 Mar 2019 11:59:43] Database metadata retrieved (789 ms)
[28 Mar 2019 11:59:43] Database connection closed
