[06 May 2019 16:24:07] Building database metadata model
[06 May 2019 16:24:07] Properties: {partialRefresh=false, processColumnsUsingSelect=, includePrimaryKeys=true, eventSocketClient=com.webratio.commons.net.EventSocketClient@2ba9fa4c, includeTables=true, username=manage, outputLogPath=C:\Users\User\Documents\UIB\DAT353\webratioProsjekt\try3\.Temp~\DB.xml.log, readIndexes=null, driverClass=org.apache.derby.jdbc.ClientDriver, includeSynonyms=true, metaDataProviderClass=com.webratio.commons.db.metadata.DerbyMetaDataProvider, outputPath=C:\Users\User\Documents\UIB\DAT353\webratioProsjekt\try3\.Temp~\DB.xml, schemaRegex=null, readProcedures=null, includeViews=true, derby.system.home=C:\WebRatio\WebRatio Community Platform 7.2.18.x64bit\WebRatio\workspace2\.metadata\.plugins\com.webratio.commons.db\derby, url=jdbc:derby://localhost:50124/ExpoDB;create=true, tableRegex=null, readSQLDefinitions=true, includeForeignKeys=false, retrieveAllNames=false, tablesToRefresh=, eventSocketPort=61720}
[06 May 2019 16:24:07] URL: jdbc:derby://localhost:50124/ExpoDB;create=true
[06 May 2019 16:24:07] Product name: Apache Derby
[06 May 2019 16:24:07] Product version: 10.5.3.0 - (802917)
[06 May 2019 16:24:07] Driver name: Apache Derby Network Client JDBC Driver
[06 May 2019 16:24:07] Driver version: 10.5.3.0 - (802917)
[06 May 2019 16:24:07] Driver major version: 10
[06 May 2019 16:24:07] Driver minor version: 5
[06 May 2019 16:24:07] Identifier quote string: 5
[06 May 2019 16:24:08] Retrieving schemas
[06 May 2019 16:24:09]   Found schema: APP
[06 May 2019 16:24:09]   Found schema: NULLID
[06 May 2019 16:24:09]   Found schema: SQLJ
[06 May 2019 16:24:09]   Found schema: SYS
[06 May 2019 16:24:09]   Found schema: SYSCAT
[06 May 2019 16:24:09]   Found schema: SYSCS_DIAG
[06 May 2019 16:24:09]   Found schema: SYSCS_UTIL
[06 May 2019 16:24:09]   Found schema: SYSFUN
[06 May 2019 16:24:09]   Found schema: SYSIBM
[06 May 2019 16:24:09]   Found schema: SYSPROC
[06 May 2019 16:24:09]   Found schema: SYSSTAT
[06 May 2019 16:24:09] Retrieving [TABLE, VIEW, SYNONYM] for schema 'APP'
[06 May 2019 16:24:09]   Found 'APP.EXHIBIT_2' [type = TABLE]
[06 May 2019 16:24:09]   Found 'APP.GROUP_2' [type = TABLE]
[06 May 2019 16:24:09]   Found 'APP.GROUP_MODULE_2' [type = TABLE]
[06 May 2019 16:24:09]   Found 'APP.MODULE_2' [type = TABLE]
[06 May 2019 16:24:09]   Found 'APP.USER_2' [type = TABLE]
[06 May 2019 16:24:09]   Found 'APP.USER_EXHIBIT_2' [type = TABLE]
[06 May 2019 16:24:09]   Found 'APP.USER_GROUP_2' [type = TABLE]
[06 May 2019 16:24:09]   Found 'APP.VOTE_2' [type = TABLE]
[06 May 2019 16:24:09]   Found 'APP.VOTE_EXHIBIT_2' [type = TABLE]
[06 May 2019 16:24:09] Retrieving [TABLE, VIEW, SYNONYM] for schema 'NULLID'
[06 May 2019 16:24:09] Retrieving [TABLE, VIEW, SYNONYM] for schema 'SQLJ'
[06 May 2019 16:24:09] Retrieving [TABLE, VIEW, SYNONYM] for schema 'SYSCAT'
[06 May 2019 16:24:09] Retrieving [TABLE, VIEW, SYNONYM] for schema 'SYSCS_DIAG'
[06 May 2019 16:24:09] Retrieving [TABLE, VIEW, SYNONYM] for schema 'SYSCS_UTIL'
[06 May 2019 16:24:09] Retrieving [TABLE, VIEW, SYNONYM] for schema 'SYSFUN'
[06 May 2019 16:24:09] Retrieving [TABLE, VIEW, SYNONYM] for schema 'SYSPROC'
[06 May 2019 16:24:09] Retrieving [TABLE, VIEW, SYNONYM] for schema 'SYSSTAT'
[06 May 2019 16:24:09] Retrieving columns for 'APP.EXHIBIT_2' [type = TABLE]
[06 May 2019 16:24:09]   Found column: OID [type = INTEGER][SQL/XOPEN type = 4][size = 10][dec. digits = 0]
[06 May 2019 16:24:09]   Found column: NAME [type = VARCHAR][SQL/XOPEN type = 12][size = 255][dec. digits = 0]
[06 May 2019 16:24:09] Retrieving primary keys for 'APP.EXHIBIT_2' [type = TABLE]
[06 May 2019 16:24:10]   Found primary key column: OID
[06 May 2019 16:24:10] Retrieving columns for 'APP.GROUP_2' [type = TABLE]
[06 May 2019 16:24:10]   Found column: OID [type = INTEGER][SQL/XOPEN type = 4][size = 10][dec. digits = 0]
[06 May 2019 16:24:10]   Found column: GROUPNAME [type = VARCHAR][SQL/XOPEN type = 12][size = 255][dec. digits = 0]
[06 May 2019 16:24:10]   Found column: MODULE_2_OID [type = INTEGER][SQL/XOPEN type = 4][size = 10][dec. digits = 0]
[06 May 2019 16:24:10] Retrieving primary keys for 'APP.GROUP_2' [type = TABLE]
[06 May 2019 16:24:10]   Found primary key column: OID
[06 May 2019 16:24:10] Retrieving columns for 'APP.GROUP_MODULE_2' [type = TABLE]
[06 May 2019 16:24:10]   Found column: GROUP_2_OID [type = INTEGER][SQL/XOPEN type = 4][size = 10][dec. digits = 0]
[06 May 2019 16:24:10]   Found column: MODULE_2_OID [type = INTEGER][SQL/XOPEN type = 4][size = 10][dec. digits = 0]
[06 May 2019 16:24:10] Retrieving primary keys for 'APP.GROUP_MODULE_2' [type = TABLE]
[06 May 2019 16:24:10]   Found primary key column: GROUP_2_OID
[06 May 2019 16:24:10]   Found primary key column: MODULE_2_OID
[06 May 2019 16:24:10] Retrieving columns for 'APP.MODULE_2' [type = TABLE]
[06 May 2019 16:24:10]   Found column: OID [type = INTEGER][SQL/XOPEN type = 4][size = 10][dec. digits = 0]
[06 May 2019 16:24:10]   Found column: MODULEID [type = VARCHAR][SQL/XOPEN type = 12][size = 255][dec. digits = 0]
[06 May 2019 16:24:10]   Found column: MODULENAME [type = VARCHAR][SQL/XOPEN type = 12][size = 255][dec. digits = 0]
[06 May 2019 16:24:10] Retrieving primary keys for 'APP.MODULE_2' [type = TABLE]
[06 May 2019 16:24:10]   Found primary key column: OID
[06 May 2019 16:24:10] Retrieving columns for 'APP.USER_2' [type = TABLE]
[06 May 2019 16:24:10]   Found column: OID [type = INTEGER][SQL/XOPEN type = 4][size = 10][dec. digits = 0]
[06 May 2019 16:24:10]   Found column: USERNAME [type = VARCHAR][SQL/XOPEN type = 12][size = 255][dec. digits = 0]
[06 May 2019 16:24:10]   Found column: PASSWORD [type = VARCHAR][SQL/XOPEN type = 12][size = 255][dec. digits = 0]
[06 May 2019 16:24:10]   Found column: EMAIL [type = VARCHAR][SQL/XOPEN type = 12][size = 255][dec. digits = 0]
[06 May 2019 16:24:10]   Found column: GROUP_2_OID [type = INTEGER][SQL/XOPEN type = 4][size = 10][dec. digits = 0]
[06 May 2019 16:24:10] Retrieving primary keys for 'APP.USER_2' [type = TABLE]
[06 May 2019 16:24:10]   Found primary key column: OID
[06 May 2019 16:24:10] Retrieving columns for 'APP.USER_EXHIBIT_2' [type = TABLE]
[06 May 2019 16:24:10]   Found column: USER_2_OID [type = INTEGER][SQL/XOPEN type = 4][size = 10][dec. digits = 0]
[06 May 2019 16:24:10]   Found column: EXHIBIT_2_OID [type = INTEGER][SQL/XOPEN type = 4][size = 10][dec. digits = 0]
[06 May 2019 16:24:10] Retrieving primary keys for 'APP.USER_EXHIBIT_2' [type = TABLE]
[06 May 2019 16:24:10]   Found primary key column: USER_2_OID
[06 May 2019 16:24:10]   Found primary key column: EXHIBIT_2_OID
[06 May 2019 16:24:10] Retrieving columns for 'APP.USER_GROUP_2' [type = TABLE]
[06 May 2019 16:24:10]   Found column: USER_2_OID [type = INTEGER][SQL/XOPEN type = 4][size = 10][dec. digits = 0]
[06 May 2019 16:24:10]   Found column: GROUP_2_OID [type = INTEGER][SQL/XOPEN type = 4][size = 10][dec. digits = 0]
[06 May 2019 16:24:10] Retrieving primary keys for 'APP.USER_GROUP_2' [type = TABLE]
[06 May 2019 16:24:10]   Found primary key column: USER_2_OID
[06 May 2019 16:24:10]   Found primary key column: GROUP_2_OID
[06 May 2019 16:24:10] Retrieving columns for 'APP.VOTE_2' [type = TABLE]
[06 May 2019 16:24:10]   Found column: OID [type = INTEGER][SQL/XOPEN type = 4][size = 10][dec. digits = 0]
[06 May 2019 16:24:10]   Found column: SCORE [type = DOUBLE][SQL/XOPEN type = 8][size = 52][dec. digits = 0]
[06 May 2019 16:24:10]   Found column: USERID [type = VARCHAR][SQL/XOPEN type = 12][size = 255][dec. digits = 0]
[06 May 2019 16:24:10] Retrieving primary keys for 'APP.VOTE_2' [type = TABLE]
[06 May 2019 16:24:10]   Found primary key column: OID
[06 May 2019 16:24:10] Retrieving columns for 'APP.VOTE_EXHIBIT_2' [type = TABLE]
[06 May 2019 16:24:10]   Found column: VOTE_2_OID [type = INTEGER][SQL/XOPEN type = 4][size = 10][dec. digits = 0]
[06 May 2019 16:24:10]   Found column: EXHIBIT_2_OID [type = INTEGER][SQL/XOPEN type = 4][size = 10][dec. digits = 0]
[06 May 2019 16:24:10] Retrieving primary keys for 'APP.VOTE_EXHIBIT_2' [type = TABLE]
[06 May 2019 16:24:10]   Found primary key column: VOTE_2_OID
[06 May 2019 16:24:10]   Found primary key column: EXHIBIT_2_OID
[06 May 2019 16:24:10] Database metadata retrieved (2840 ms)
[06 May 2019 16:24:11] Database connection closed
