[29 Apr 2019 11:03:36] DEBUG Executing SQL script
[29 Apr 2019 11:03:36] INFO ================================================================================
[29 Apr 2019 11:03:36] INFO onError= 'abort'
[29 Apr 2019 11:03:36] INFO autoCommit= 'false'
[29 Apr 2019 11:03:36] INFO username= 'manage'
[29 Apr 2019 11:03:36] INFO outputPath= 'C:\Users\User\Documents\UIB\DAT353\webratioProsjekt\try2\.Temp~\SQL.xml'
[29 Apr 2019 11:03:36] INFO outputLogPath= 'C:\Users\User\Documents\UIB\DAT353\webratioProsjekt\try2\.Temp~\SQL.xml.log'
[29 Apr 2019 11:03:36] INFO encoding= ''
[29 Apr 2019 11:03:36] INFO driverClass= 'org.apache.derby.jdbc.ClientDriver'
[29 Apr 2019 11:03:36] INFO sqlScript= 'C:\Users\User\Documents\UIB\DAT353\webratioProsjekt\try2\WebContent\WEB-INF\descr\sql\data.sql'
[29 Apr 2019 11:03:36] INFO eventSocketPort= '55007'
[29 Apr 2019 11:03:36] INFO statementSeparator= ';'
[29 Apr 2019 11:03:36] INFO derby.system.home= 'C:\WebRatio\WebRatio Community Platform 7.2.18.x64bit\WebRatio\workspace2\.metadata\.plugins\com.webratio.commons.db\derby'
[29 Apr 2019 11:03:36] INFO password= 'Manage'
[29 Apr 2019 11:03:36] INFO url= 'jdbc:derby://localhost:50124/ExpoDB;create=true'
[29 Apr 2019 11:03:36] INFO ================================================================================
[29 Apr 2019 11:03:36] INFO Connecting to the Database...
[29 Apr 2019 11:03:38] INFO Database connection estabilished
[29 Apr 2019 11:03:39] INFO transaction isolation: 2
[29 Apr 2019 11:03:39] DEBUG ================================================================================
[29 Apr 2019 11:03:39] DEBUG Executing SQL script file: C:\Users\User\Documents\UIB\DAT353\webratioProsjekt\try2\WebContent\WEB-INF\descr\sql\data.sql
[29 Apr 2019 11:03:39] DEBUG Executing statement:     INSERT INTO APP.MODULE (OID, MODULEID, MODULENAME) VALUES (1, 'sv1', 'Voters')
[29 Apr 2019 11:03:40] DEBUG Executing statement:  INSERT INTO APP.MODULE (OID, MODULEID, MODULENAME) VALUES (2, 'sv3', 'Administrators')
[29 Apr 2019 11:03:40] DEBUG Executing statement:      INSERT INTO "APP"."GROUP" (OID, GROUPNAME) VALUES (1, 'Voters')
[29 Apr 2019 11:03:40] DEBUG Executing statement:  INSERT INTO "APP"."GROUP" (OID, GROUPNAME) VALUES (2, 'Administrators')
[29 Apr 2019 11:03:40] DEBUG Executing statement:     INSERT INTO APP.GROUP_MODULE (GROUP_OID, MODULE_OID) VALUES (1, 1)
[29 Apr 2019 11:03:40] DEBUG Executing statement:  INSERT INTO APP.GROUP_MODULE (GROUP_OID, MODULE_OID) VALUES (2, 2)
[29 Apr 2019 11:03:40] DEBUG Executing statement:    INSERT INTO "APP"."USER" (OID, USERNAME, PASSWORD, EMAIL) VALUES (1, 'user', 'user', 'user@test.com')
[29 Apr 2019 11:03:40] DEBUG Executing statement:  INSERT INTO "APP"."USER" (OID, USERNAME, PASSWORD, EMAIL) VALUES (2, 'admin', 'admin', 'admin@test.com')
[29 Apr 2019 11:03:40] DEBUG Executing statement:    INSERT INTO APP.USER_GROUP (USER_OID, GROUP_OID) VALUES (1, 1)
[29 Apr 2019 11:03:40] DEBUG Executing statement:  INSERT INTO APP.USER_GROUP (USER_OID, GROUP_OID) VALUES (2, 2)
[29 Apr 2019 11:03:40] DEBUG Executing statement:    INSERT INTO APP.EXHIBIT (OID, NAME) VALUES (1, 'Science')
[29 Apr 2019 11:03:40] DEBUG Executing statement:  INSERT INTO APP.EXHIBIT (OID, NAME) VALUES (2, 'WebRatio')
[29 Apr 2019 11:03:40] DEBUG ================================================================================
[29 Apr 2019 11:03:40] DEBUG SQL SCRIPT SUCCESSFULLY EXECUTED
[29 Apr 2019 11:03:40] INFO Database connection closed
[29 Apr 2019 11:03:40] DEBUG Total time: 6385 milliseconds
